
======== GPU REPORT ========

==============NVSMI LOG==============

Timestamp                                 : Wed Apr 12 17:37:46 2023
Driver Version                            : 515.65.01
CUDA Version                              : 11.7

Attached GPUs                             : 1
GPU 00000000:27:00.0
    Accounting Mode                       : Enabled
    Accounting Mode Buffer Size           : 4000
    Accounted Processes
        Process ID                        : 42864
            GPU Utilization               : 0 %
            Memory Utilization            : 0 %
            Max memory usage              : 90 MiB
            Time                          : 139494366 ms
            Is Running                    : 0
        Process ID                        : 42874
            GPU Utilization               : 0 %
            Memory Utilization            : 0 %
            Max memory usage              : 90 MiB
            Time                          : 139492384 ms
            Is Running                    : 0
        Process ID                        : 42896
            GPU Utilization               : 0 %
            Memory Utilization            : 0 %
            Max memory usage              : 90 MiB
            Time                          : 139490827 ms
            Is Running                    : 0
        Process ID                        : 42907
            GPU Utilization               : 0 %
            Memory Utilization            : 0 %
            Max memory usage              : 90 MiB
            Time                          : 139489365 ms
            Is Running                    : 0
        Process ID                        : 42800
            GPU Utilization               : 96 %
            Memory Utilization            : 60 %
            Max memory usage              : 39805 MiB
            Time                          : 139495272 ms
            Is Running                    : 0

Wed Apr 12 17:37:46 2023       
+-----------------------------------------------------------------------------+
| NVIDIA-SMI 515.65.01    Driver Version: 515.65.01    CUDA Version: 11.7     |
|-------------------------------+----------------------+----------------------+
| GPU  Name        Persistence-M| Bus-Id        Disp.A | Volatile Uncorr. ECC |
| Fan  Temp  Perf  Pwr:Usage/Cap|         Memory-Usage | GPU-Util  Compute M. |
|                               |                      |               MIG M. |
|===============================+======================+======================|
|   0  Quadro RTX 8000     On   | 00000000:27:00.0 Off |                  Off |
| 88%   76C    P0   151W / 260W |      1MiB / 49152MiB |     96%      Default |
|                               |                      |                  N/A |
+-------------------------------+----------------------+----------------------+
                                                                               
+-----------------------------------------------------------------------------+
| Processes:                                                                  |
|  GPU   GI   CI        PID   Type   Process name                  GPU Memory |
|        ID   ID                                                   Usage      |
|=============================================================================|
|  No running processes found                                                 |
+-----------------------------------------------------------------------------+
