[=== Module anaconda/3 loaded ===]
slurmstepd: error: *** JOB 3058194 ON cn-a007 CANCELLED AT 2023-04-13T19:48:08 ***

======== GPU REPORT ========

==============NVSMI LOG==============

Timestamp                                 : Thu Apr 13 19:48:08 2023
Driver Version                            : 515.65.01
CUDA Version                              : 11.7

Attached GPUs                             : 2
GPU 00000000:14:00.0
    Accounting Mode                       : Enabled
    Accounting Mode Buffer Size           : 4000
    Accounted Processes
        Process ID                        : 4270
            GPU Utilization               : 0 %
            Memory Utilization            : 0 %
            Max memory usage              : 90 MiB
            Time                          : 0 ms
            Is Running                    : 1
        Process ID                        : 4281
            GPU Utilization               : 0 %
            Memory Utilization            : 0 %
            Max memory usage              : 90 MiB
            Time                          : 0 ms
            Is Running                    : 1
        Process ID                        : 4298
            GPU Utilization               : 0 %
            Memory Utilization            : 0 %
            Max memory usage              : 90 MiB
            Time                          : 0 ms
            Is Running                    : 1
        Process ID                        : 4312
            GPU Utilization               : 0 %
            Memory Utilization            : 0 %
            Max memory usage              : 90 MiB
            Time                          : 0 ms
            Is Running                    : 1
        Process ID                        : 4238
            GPU Utilization               : 97 %
            Memory Utilization            : 65 %
            Max memory usage              : 39805 MiB
            Time                          : 0 ms
            Is Running                    : 1

GPU 00000000:88:00.0
    Accounting Mode                       : Enabled
    Accounting Mode Buffer Size           : 4000
    Accounted Processes
        Process ID                        : 4238
            GPU Utilization               : 0 %
            Memory Utilization            : 0 %
            Max memory usage              : 161 MiB
            Time                          : 0 ms
            Is Running                    : 1

Thu Apr 13 19:48:08 2023       
+-----------------------------------------------------------------------------+
| NVIDIA-SMI 515.65.01    Driver Version: 515.65.01    CUDA Version: 11.7     |
|-------------------------------+----------------------+----------------------+
| GPU  Name        Persistence-M| Bus-Id        Disp.A | Volatile Uncorr. ECC |
| Fan  Temp  Perf  Pwr:Usage/Cap|         Memory-Usage | GPU-Util  Compute M. |
|                               |                      |               MIG M. |
|===============================+======================+======================|
|   0  Quadro RTX 8000     On   | 00000000:14:00.0 Off |                  Off |
| 42%   66C    P2   204W / 260W |  40173MiB / 49152MiB |     97%      Default |
|                               |                      |                  N/A |
+-------------------------------+----------------------+----------------------+
|   1  Quadro RTX 8000     On   | 00000000:88:00.0 Off |                  Off |
| 33%   29C    P8    30W / 260W |    164MiB / 49152MiB |      0%      Default |
|                               |                      |                  N/A |
+-------------------------------+----------------------+----------------------+
                                                                               
+-----------------------------------------------------------------------------+
| Processes:                                                                  |
|  GPU   GI   CI        PID   Type   Process name                  GPU Memory |
|        ID   ID                                                   Usage      |
|=============================================================================|
|    0   N/A  N/A      4238      C   python                          39805MiB |
|    0   N/A  N/A      4270      G   ...mamba/envs/ECS/bin/python       90MiB |
|    0   N/A  N/A      4281      G   ...mamba/envs/ECS/bin/python       90MiB |
|    0   N/A  N/A      4298      G   ...mamba/envs/ECS/bin/python       90MiB |
|    0   N/A  N/A      4312      G   ...mamba/envs/ECS/bin/python       90MiB |
|    1   N/A  N/A      4238      C   python                            161MiB |
+-----------------------------------------------------------------------------+
