
======== GPU REPORT ========

==============NVSMI LOG==============

Timestamp                                 : Thu Apr 13 19:40:32 2023
Driver Version                            : 515.65.01
CUDA Version                              : 11.7

Attached GPUs                             : 2
GPU 00000000:A3:00.0
    Accounting Mode                       : Enabled
    Accounting Mode Buffer Size           : 4000
    Accounted Processes
        Process ID                        : 22051
            GPU Utilization               : 90 %
            Memory Utilization            : 63 %
            Max memory usage              : 39757 MiB
            Time                          : 505207139 ms
            Is Running                    : 0

GPU 00000000:A4:00.0
    Accounting Mode                       : Enabled
    Accounting Mode Buffer Size           : 4000
    Accounted Processes
        Process ID                        : 22051
            GPU Utilization               : 0 %
            Memory Utilization            : 0 %
            Max memory usage              : 161 MiB
            Time                          : 505207038 ms
            Is Running                    : 0

Thu Apr 13 19:40:32 2023       
+-----------------------------------------------------------------------------+
| NVIDIA-SMI 515.65.01    Driver Version: 515.65.01    CUDA Version: 11.7     |
|-------------------------------+----------------------+----------------------+
| GPU  Name        Persistence-M| Bus-Id        Disp.A | Volatile Uncorr. ECC |
| Fan  Temp  Perf  Pwr:Usage/Cap|         Memory-Usage | GPU-Util  Compute M. |
|                               |                      |               MIG M. |
|===============================+======================+======================|
|   0  Quadro RTX 8000     On   | 00000000:A3:00.0 Off |                  Off |
| 33%   45C    P0    76W / 260W |      1MiB / 49152MiB |    100%      Default |
|                               |                      |                  N/A |
+-------------------------------+----------------------+----------------------+
|   1  Quadro RTX 8000     On   | 00000000:A4:00.0 Off |                  Off |
| 33%   23C    P8    25W / 260W |      1MiB / 49152MiB |      0%      Default |
|                               |                      |                  N/A |
+-------------------------------+----------------------+----------------------+
                                                                               
+-----------------------------------------------------------------------------+
| Processes:                                                                  |
|  GPU   GI   CI        PID   Type   Process name                  GPU Memory |
|        ID   ID                                                   Usage      |
|=============================================================================|
|  No running processes found                                                 |
+-----------------------------------------------------------------------------+
