
======== GPU REPORT ========

==============NVSMI LOG==============

Timestamp                                 : Wed Apr 12 15:43:55 2023
Driver Version                            : 515.65.01
CUDA Version                              : 11.7

Attached GPUs                             : 1
GPU 00000000:43:00.0
    Accounting Mode                       : Enabled
    Accounting Mode Buffer Size           : 4000
    Accounted Processes
        Process ID                        : 53892
            GPU Utilization               : 0 %
            Memory Utilization            : 0 %
            Max memory usage              : 90 MiB
            Time                          : 0 ms
            Is Running                    : 1
        Process ID                        : 53903
            GPU Utilization               : 0 %
            Memory Utilization            : 0 %
            Max memory usage              : 90 MiB
            Time                          : 0 ms
            Is Running                    : 1
        Process ID                        : 53911
            GPU Utilization               : 0 %
            Memory Utilization            : 0 %
            Max memory usage              : 90 MiB
            Time                          : 0 ms
            Is Running                    : 1
        Process ID                        : 53915
            GPU Utilization               : 0 %
            Memory Utilization            : 0 %
            Max memory usage              : 90 MiB
            Time                          : 0 ms
            Is Running                    : 1
        Process ID                        : 53847
            GPU Utilization               : 96 %
            Memory Utilization            : 63 %
            Max memory usage              : 39805 MiB
            Time                          : 0 ms
            Is Running                    : 1

Wed Apr 12 15:43:55 2023       
+-----------------------------------------------------------------------------+
| NVIDIA-SMI 515.65.01    Driver Version: 515.65.01    CUDA Version: 11.7     |
|-------------------------------+----------------------+----------------------+
| GPU  Name        Persistence-M| Bus-Id        Disp.A | Volatile Uncorr. ECC |
| Fan  Temp  Perf  Pwr:Usage/Cap|         Memory-Usage | GPU-Util  Compute M. |
|                               |                      |               MIG M. |
|===============================+======================+======================|
|   0  Quadro RTX 8000     On   | 00000000:43:00.0 Off |                  Off |
| 61%   80C    P2   271W / 260W |  40173MiB / 49152MiB |    100%      Default |
|                               |                      |                  N/A |
+-------------------------------+----------------------+----------------------+
                                                                               
+-----------------------------------------------------------------------------+
| Processes:                                                                  |
|  GPU   GI   CI        PID   Type   Process name                  GPU Memory |
|        ID   ID                                                   Usage      |
|=============================================================================|
|    0   N/A  N/A     53847      C   python                          39805MiB |
|    0   N/A  N/A     53892      G   ...mamba/envs/ECS/bin/python       90MiB |
|    0   N/A  N/A     53903      G   ...mamba/envs/ECS/bin/python       90MiB |
|    0   N/A  N/A     53911      G   ...mamba/envs/ECS/bin/python       90MiB |
|    0   N/A  N/A     53915      G   ...mamba/envs/ECS/bin/python       90MiB |
+-----------------------------------------------------------------------------+
[=== Module anaconda/3 loaded ===]
slurmstepd: error: *** JOB 3046295 ON cn-c037 CANCELLED AT 2023-04-13T16:35:53 DUE TO PREEMPTION ***

======== GPU REPORT ========

==============NVSMI LOG==============

Timestamp                                 : Thu Apr 13 16:35:53 2023
Driver Version                            : 515.65.01
CUDA Version                              : 11.7

Attached GPUs                             : 1
GPU 00000000:43:00.0
    Accounting Mode                       : Enabled
    Accounting Mode Buffer Size           : 4000
    Accounted Processes
        Process ID                        : 53445
            GPU Utilization               : 0 %
            Memory Utilization            : 0 %
            Max memory usage              : 90 MiB
            Time                          : 0 ms
            Is Running                    : 1
        Process ID                        : 53458
            GPU Utilization               : 0 %
            Memory Utilization            : 0 %
            Max memory usage              : 90 MiB
            Time                          : 0 ms
            Is Running                    : 1
        Process ID                        : 53485
            GPU Utilization               : 0 %
            Memory Utilization            : 0 %
            Max memory usage              : 90 MiB
            Time                          : 0 ms
            Is Running                    : 1
        Process ID                        : 53506
            GPU Utilization               : 0 %
            Memory Utilization            : 0 %
            Max memory usage              : 90 MiB
            Time                          : 0 ms
            Is Running                    : 1
        Process ID                        : 53212
            GPU Utilization               : 95 %
            Memory Utilization            : 62 %
            Max memory usage              : 39761 MiB
            Time                          : 0 ms
            Is Running                    : 1

Thu Apr 13 16:35:54 2023       
+-----------------------------------------------------------------------------+
| NVIDIA-SMI 515.65.01    Driver Version: 515.65.01    CUDA Version: 11.7     |
|-------------------------------+----------------------+----------------------+
| GPU  Name        Persistence-M| Bus-Id        Disp.A | Volatile Uncorr. ECC |
| Fan  Temp  Perf  Pwr:Usage/Cap|         Memory-Usage | GPU-Util  Compute M. |
|                               |                      |               MIG M. |
|===============================+======================+======================|
|   0  Quadro RTX 8000     On   | 00000000:43:00.0 Off |                  Off |
| 94%   87C    P2   220W / 260W |  40129MiB / 49152MiB |     96%      Default |
|                               |                      |                  N/A |
+-------------------------------+----------------------+----------------------+
                                                                               
+-----------------------------------------------------------------------------+
| Processes:                                                                  |
|  GPU   GI   CI        PID   Type   Process name                  GPU Memory |
|        ID   ID                                                   Usage      |
|=============================================================================|
|    0   N/A  N/A     53212      C   python                          39761MiB |
|    0   N/A  N/A     53445      G   ...mamba/envs/ECS/bin/python       90MiB |
|    0   N/A  N/A     53458      G   ...mamba/envs/ECS/bin/python       90MiB |
|    0   N/A  N/A     53485      G   ...mamba/envs/ECS/bin/python       90MiB |
|    0   N/A  N/A     53506      G   ...mamba/envs/ECS/bin/python       90MiB |
+-----------------------------------------------------------------------------+
