
======== GPU REPORT ========

==============NVSMI LOG==============

Timestamp                                 : Thu Apr 13 19:48:32 2023
Driver Version                            : 515.65.01
CUDA Version                              : 11.7

Attached GPUs                             : 1
GPU 00000000:27:00.0
    Accounting Mode                       : Enabled
    Accounting Mode Buffer Size           : 4000
    Accounted Processes
        Process ID                        : 13280
            GPU Utilization               : 86 %
            Memory Utilization            : 59 %
            Max memory usage              : 39803 MiB
            Time                          : 0 ms
            Is Running                    : 1

Thu Apr 13 19:48:32 2023       
+-----------------------------------------------------------------------------+
| NVIDIA-SMI 515.65.01    Driver Version: 515.65.01    CUDA Version: 11.7     |
|-------------------------------+----------------------+----------------------+
| GPU  Name        Persistence-M| Bus-Id        Disp.A | Volatile Uncorr. ECC |
| Fan  Temp  Perf  Pwr:Usage/Cap|         Memory-Usage | GPU-Util  Compute M. |
|                               |                      |               MIG M. |
|===============================+======================+======================|
|   0  Quadro RTX 8000     On   | 00000000:27:00.0 Off |                  Off |
| 62%   81C    P2   233W / 260W |  39806MiB / 49152MiB |     69%      Default |
|                               |                      |                  N/A |
+-------------------------------+----------------------+----------------------+
                                                                               
+-----------------------------------------------------------------------------+
| Processes:                                                                  |
|  GPU   GI   CI        PID   Type   Process name                  GPU Memory |
|        ID   ID                                                   Usage      |
|=============================================================================|
|    0   N/A  N/A     13280      C   python                          39803MiB |
+-----------------------------------------------------------------------------+
