
======== GPU REPORT ========

==============NVSMI LOG==============

Timestamp                                 : Wed Apr 12 14:06:31 2023
Driver Version                            : 515.65.01
CUDA Version                              : 11.7

Attached GPUs                             : 1
GPU 00000000:28:00.0
    Accounting Mode                       : Enabled
    Accounting Mode Buffer Size           : 4000
    Accounted Processes
        Process ID                        : 36067
            GPU Utilization               : 90 %
            Memory Utilization            : 63 %
            Max memory usage              : 39803 MiB
            Time                          : 0 ms
            Is Running                    : 1

Wed Apr 12 14:06:31 2023       
+-----------------------------------------------------------------------------+
| NVIDIA-SMI 515.65.01    Driver Version: 515.65.01    CUDA Version: 11.7     |
|-------------------------------+----------------------+----------------------+
| GPU  Name        Persistence-M| Bus-Id        Disp.A | Volatile Uncorr. ECC |
| Fan  Temp  Perf  Pwr:Usage/Cap|         Memory-Usage | GPU-Util  Compute M. |
|                               |                      |               MIG M. |
|===============================+======================+======================|
|   0  Quadro RTX 8000     On   | 00000000:28:00.0 Off |                  Off |
| 38%   64C    P2   247W / 260W |  39806MiB / 49152MiB |    100%      Default |
|                               |                      |                  N/A |
+-------------------------------+----------------------+----------------------+
                                                                               
+-----------------------------------------------------------------------------+
| Processes:                                                                  |
|  GPU   GI   CI        PID   Type   Process name                  GPU Memory |
|        ID   ID                                                   Usage      |
|=============================================================================|
|    0   N/A  N/A     36067      C   python                          39803MiB |
+-----------------------------------------------------------------------------+
[=== Module anaconda/3 loaded ===]

======== GPU REPORT ========

==============NVSMI LOG==============

Timestamp                                 : Thu Apr 13 19:40:18 2023
Driver Version                            : 515.65.01
CUDA Version                              : 11.7

Attached GPUs                             : 1
GPU 00000000:28:00.0
    Accounting Mode                       : Enabled
    Accounting Mode Buffer Size           : 4000
    Accounted Processes
        Process ID                        : 49595
            GPU Utilization               : 90 %
            Memory Utilization            : 63 %
            Max memory usage              : 39757 MiB
            Time                          : 72673020 ms
            Is Running                    : 0

Thu Apr 13 19:40:18 2023       
+-----------------------------------------------------------------------------+
| NVIDIA-SMI 515.65.01    Driver Version: 515.65.01    CUDA Version: 11.7     |
|-------------------------------+----------------------+----------------------+
| GPU  Name        Persistence-M| Bus-Id        Disp.A | Volatile Uncorr. ECC |
| Fan  Temp  Perf  Pwr:Usage/Cap|         Memory-Usage | GPU-Util  Compute M. |
|                               |                      |               MIG M. |
|===============================+======================+======================|
|   0  Quadro RTX 8000     On   | 00000000:28:00.0 Off |                  Off |
| 43%   59C    P0   125W / 260W |      1MiB / 49152MiB |     54%      Default |
|                               |                      |                  N/A |
+-------------------------------+----------------------+----------------------+
                                                                               
+-----------------------------------------------------------------------------+
| Processes:                                                                  |
|  GPU   GI   CI        PID   Type   Process name                  GPU Memory |
|        ID   ID                                                   Usage      |
|=============================================================================|
|  No running processes found                                                 |
+-----------------------------------------------------------------------------+
